
=== Thu Oct 29 11:13:20 2020

Packages were changed.
Update Mode: resetToDefaultDependencies

The following packages were added:
  com.unity.package-manager-ui@2.2.0
  com.unity.ext.nunit@1.0.0
The following packages were updated:
  com.unity.textmeshpro from version 2.1.1 to 2.0.1
  com.unity.test-framework from version 1.1.16 to 1.0.13
  com.unity.timeline from version 1.2.16 to 1.1.0
  com.unity.ide.vscode from version 1.2.1 to 1.1.3
  com.unity.ide.rider from version 1.1.4 to 1.1.0

=== Mon Jul 18 18:01:53 2022

Packages were changed.
Update Mode: updateDependencies

The following packages were added:
  com.unity.ide.visualstudio@2.0.15
The following packages were updated:
  com.unity.collab-proxy from version 1.2.16 to 1.15.17
  com.unity.ext.nunit from version 1.0.0 to 1.0.6
  com.unity.ide.rider from version 1.1.0 to 2.0.7
  com.unity.ide.vscode from version 1.1.3 to 1.2.5
  com.unity.test-framework from version 1.0.13 to 1.1.31
  com.unity.textmeshpro from version 2.0.1 to 3.0.6
  com.unity.timeline from version 1.1.0 to 1.4.8
The following packages were removed:
  com.unity.package-manager-ui@2.2.0
